<?xml version="1.0" encoding="UTF-8"?>
<testsuite xmlns:xsi="http://www.w3.org/2001/XMLSchema-instance" xsi:noNamespaceSchemaLocation="https://maven.apache.org/surefire/maven-surefire-plugin/xsd/surefire-test-report-3.0.xsd" version="3.0" name="org.rprakashg.GreetingResourceTest" time="4.516" tests="1" errors="0" skipped="0" failures="0">
  <properties>
[...]
</properties>
  <testcase name="testHelloEndpoint" classname="org.rprakashg.GreetingResourceTest" time="1">
    <system-out><![CDATA[2022-02-17 14:58:34,238 INFO  [io.quarkus] (main) Quarkus 1.12.2.Final on JVM started in 1.514s. Listening on: http://localhost:8081
2022-02-17 14:58:34,239 INFO  [io.quarkus] (main) Profile test activated. 
2022-02-17 14:58:34,239 INFO  [io.quarkus] (main) Installed features: [cdi, kubernetes, resteasy, resteasy-jackson, resteasy-jsonb, smallrye-health]
]]></system-out>
  </testcase>
</testsuite>